proguard-project.txt
# To enable ProGuard in your project, edit project.properties
# to define the proguard.config property as described in that file.
#
# Add project specific ProGuard rules here.
# By default, the flags in this file are appended to flags specified
# in ${sdk.dir}/tools/proguard/proguard-android.txt
# You can edit the include path and order by changing the ProGuard
# include property in project.properties.
#
# For more details, see
#   http://developer.android.com/guide/developing/tools/proguard.html

# Add any project specific keep options here:

# If your project uses WebView with JS, uncomment the following
# and specify the fully qualified class name to the JavaScript interface
# class:
#-keepclassmembers class fqcn.of.javascript.interface.for.webview {
#   public *;
#}

-optimizationpasses 5
-dontusemixedcaseclassnames
-dontskipnonpubliclibraryclasses
-dontpreverify
-verbose
-optimizations !code/simplification/arithmetic,!field/*,!class/merging/*
-keepattributes *Annotation*
-keepattributes JavascriptInterface


-keep public class * extends android.app.Activity
-keep public class * extends android.app.Application
-keep public class * extends android.app.Service
-keep public class * extends android.content.BroadcastReceiver
-keep public class * extends android.content.ContentProvider
-keep public class * extends android.app.backup.BackupAgentHelper
-keep public class * extends android.preference.Preference
-keep public class com.android.vending.licensing.ILicensingService

-keepclasseswithmembernames class * {
    native <methods>;
}

-keepclasseswithmembers class * {
    public <init>(android.content.Context, android.util.AttributeSet);
}


-keepclasseswithmembers class * {
    public <init>(android.content.Context, android.util.AttributeSet, int);
}


-keepclassmembers class * extends android.app.Activity {
   public void *(android.view.View);
}


-keepclassmembers enum * {
    public static **[] values();
    public static ** valueOf(java.lang.String);
}


-keep class * implements android.os.Parcelable {
  public static final android.os.Parcelable$Creator *;
}

##这些需要说明，这是工程中引入的第三方的类库，不需要我们做混淆，因为人家已经做过混淆处理了 ，-keep关键字修饰的一些都是不需要混淆处理的
-libraryjars   libs/android-support-v4.jar
-libraryjars   libs/nineoldandroids-2.4.0.jar
-libraryjars   libs/gson-2.2.2.jar
-libraryjars   libs/volley.jar

-keep public class com.nineoldandroids.view.** {*;} 
-keep public class com.android.volley.** {*;} 


## support-v4
-dontwarn android.support.v4.**    
-keep class android.support.v4.** { *; }  
-keep interface android.support.v4.app.** { *; }  
-keep public class * extends android.support.v4.**  
-keep public class * extends android.app.Fragment

## nineoldandroids-2.4.0.jar
-keep public class com.nineoldandroids.view.** {*;}


-dontwarn com.nineoldandroids.view.**
-keep class com.nineoldandroids.view.** { *;}

-dontwarn com.android.volley.**
-keep class com.android.volley.** { *;}