proguard/seeds.txt
com.zyyknx.android.R$anim: int cycle
com.zyyknx.android.R$anim: int dialog_enter_anim
com.zyyknx.android.R$anim: int dialog_exit_anim
com.zyyknx.android.R$anim: int fadein
com.zyyknx.android.R$anim: int fadeout
com.zyyknx.android.R$anim: int head_in
com.zyyknx.android.R$anim: int head_out
com.zyyknx.android.R$anim: int my_scale_action
com.zyyknx.android.R$anim: int my_scale_finish
com.zyyknx.android.R$anim: int push_bottom_in
com.zyyknx.android.R$anim: int push_bottom_out
com.zyyknx.android.R$anim: int push_left_in
com.zyyknx.android.R$anim: int push_left_out
com.zyyknx.android.R$anim: int push_right_in
com.zyyknx.android.R$anim: int push_right_out
com.zyyknx.android.R$anim: int push_up_in
com.zyyknx.android.R$anim: int push_up_out
com.zyyknx.android.R$anim: int rotate
com.zyyknx.android.R$anim: int shake
com.zyyknx.android.R$anim: int zoomin
com.zyyknx.android.R$anim: int zoomout
com.zyyknx.android.R$attr: int StyleToggleButton
com.zyyknx.android.R$attr: int alignmentMode
com.zyyknx.android.R$attr: int arrow
com.zyyknx.android.R$attr: int background
com.zyyknx.android.R$attr: int backgroundMask
com.zyyknx.android.R$attr: int blindsButtonText
com.zyyknx.android.R$attr: int box_height
com.zyyknx.android.R$attr: int box_width
com.zyyknx.android.R$attr: int buttonBackground
com.zyyknx.android.R$attr: int check
com.zyyknx.android.R$attr: int checked
com.zyyknx.android.R$attr: int clickable
com.zyyknx.android.R$attr: int columnCount
com.zyyknx.android.R$attr: int columnOrderPreserved
com.zyyknx.android.R$attr: int currentValue
com.zyyknx.android.R$attr: int cursor_height
com.zyyknx.android.R$attr: int cursor_width
com.zyyknx.android.R$attr: int direct
com.zyyknx.android.R$attr: int drawable
com.zyyknx.android.R$attr: int drawableLeft
com.zyyknx.android.R$attr: int drawableRight
com.zyyknx.android.R$attr: int enabled
com.zyyknx.android.R$attr: int horizontal_padding
com.zyyknx.android.R$attr: int iOSStyle
com.zyyknx.android.R$attr: int image
com.zyyknx.android.R$attr: int imgArrowDown
com.zyyknx.android.R$attr: int imgArrowUp
com.zyyknx.android.R$attr: int imgLightDown
com.zyyknx.android.R$attr: int imgLightUp
com.zyyknx.android.R$attr: int imgVolumeDown
com.zyyknx.android.R$attr: int imgVolumeUp
com.zyyknx.android.R$attr: int layout_column
com.zyyknx.android.R$attr: int layout_columnSpan
com.zyyknx.android.R$color: int connection_error
com.zyyknx.android.R$color: int counter_text_bg
com.zyyknx.android.R$color: int default_background_screen_pager_handle
com.zyyknx.android.R$color: int default_background_screen_pager_handle_focused
com.zyyknx.android.R$color: int default_border
com.zyyknx.android.R$color: int default_button_pressed
com.zyyknx.android.R$color: int default_focus_overlay
com.zyyknx.android.R$color: int default_item_background
com.zyyknx.android.R$color: int default_room_list_pressed
com.zyyknx.android.R$color: int default_screen_bg
com.zyyknx.android.R$color: int default_slider_thumb_focus_overlay
com.zyyknx.android.R$color: int default_text_color_room
com.zyyknx.android.R$color: int default_text_color_room_list
com.zyyknx.android.R$color: int default_text_color_screen_pager_handle
com.zyyknx.android.R$color: int default_text_color_tile_label
com.zyyknx.android.R$color: int default_text_color_tiles_message
com.zyyknx.android.R$color: int default_text_color_widget
com.zyyknx.android.R$color: int default_text_shadow_color_room_list
com.zyyknx.android.R$color: int default_tile_frame_focus_overlay
com.zyyknx.android.R$color: int light_gray_header_color
com.zyyknx.android.R$color: int list_background
com.zyyknx.android.R$color: int list_background_pressed
com.zyyknx.android.R$color: int list_divider
com.zyyknx.android.R$color: int pressed_overlay
com.zyyknx.android.R$color: int rounded_container_bg
...
android.support.v4.content.ModernAsyncTask$2
android.support.v4.content.ModernAsyncTask$2: android.support.v4.content.ModernAsyncTask this$0
android.support.v4.content.ModernAsyncTask$2: ModernAsyncTask$2(android.support.v4.content.ModernAsyncTask)
android.support.v4.content.ModernAsyncTask$2: java.lang.Object call()
android.support.v4.content.ModernAsyncTask$3
android.support.v4.content.ModernAsyncTask$3: android.support.v4.content.ModernAsyncTask this$0
android.support.v4.content.ModernAsyncTask$3: ModernAsyncTask$3(android.support.v4.content.ModernAsyncTask,java.util.concurrent.Callable)
android.support.v4.content.ModernAsyncTask$3: void done()
android.support.v4.content.ModernAsyncTask$4
android.support.v4.content.ModernAsyncTask$4: int[] $SwitchMap$android$support$v4$content$ModernAsyncTask$Status
android.support.v4.content.ModernAsyncTask$4: void <clinit>()
android.support.v4.content.ModernAsyncTask$AsyncTaskResult
android.support.v4.content.ModernAsyncTask$AsyncTaskResult: android.support.v4.content.ModernAsyncTask mTask
android.support.v4.content.ModernAsyncTask$AsyncTaskResult: java.lang.Object[] mData
android.support.v4.content.ModernAsyncTask$AsyncTaskResult: ModernAsyncTask$AsyncTaskResult(android.support.v4.content.ModernAsyncTask,java.lang.Object[])
android.support.v4.content.ModernAsyncTask$InternalHandler
android.support.v4.content.ModernAsyncTask$InternalHandler: ModernAsyncTask$InternalHandler()
android.support.v4.content.ModernAsyncTask$InternalHandler: void handleMessage(android.os.Message)
android.support.v4.content.ModernAsyncTask$InternalHandler: ModernAsyncTask$InternalHandler(android.support.v4.content.ModernAsyncTask$1)
android.support.v4.content.ModernAsyncTask$Status
android.support.v4.content.ModernAsyncTask$Status: android.support.v4.content.ModernAsyncTask$Status PENDING
android.support.v4.content.ModernAsyncTask$Status: android.support.v4.content.ModernAsyncTask$Status RUNNING
android.support.v4.content.ModernAsyncTask$Status: android.support.v4.content.ModernAsyncTask$Status FINISHED
android.support.v4.content.ModernAsyncTask$Status: android.support.v4.content.ModernAsyncTask$Status[] $VALUES
android.support.v4.content.ModernAsyncTask$Status: android.support.v4.content.ModernAsyncTask$Status[] values()
android.support.v4.content.ModernAsyncTask$Status: android.support.v4.content.ModernAsyncTask$Status valueOf(java.lang.String)
android.support.v4.content.ModernAsyncTask$Status: ModernAsyncTask$Status(java.lang.String,int)
android.support.v4.content.ModernAsyncTask$Status: void <clinit>()
android.support.v4.content.ModernAsyncTask$WorkerRunnable
android.support.v4.content.ModernAsyncTask$WorkerRunnable: java.lang.Object[] mParams
android.support.v4.content.ModernAsyncTask$WorkerRunnable: ModernAsyncTask$WorkerRunnable()
android.support.v4.content.ModernAsyncTask$WorkerRunnable: ModernAsyncTask$WorkerRunnable(android.support.v4.content.ModernAsyncTask$1)
android.support.v4.content.WakefulBroadcastReceiver
android.support.v4.content.WakefulBroadcastReceiver: java.lang.String EXTRA_WAKE_LOCK_ID
android.support.v4.content.WakefulBroadcastReceiver: android.util.SparseArray mActiveWakeLocks
android.support.v4.content.WakefulBroadcastReceiver: int mNextId
android.support.v4.content.WakefulBroadcastReceiver: WakefulBroadcastReceiver()
android.support.v4.content.WakefulBroadcastReceiver: android.content.ComponentName startWakefulService(android.content.Context,android.content.Intent)
android.support.v4.content.WakefulBroadcastReceiver: boolean completeWakefulIntent(android.content.Intent)
android.support.v4.content.WakefulBroadcastReceiver: void <clinit>()
android.support.v4.content.pm.ActivityInfoCompat
android.support.v4.content.pm.ActivityInfoCompat: int CONFIG_UI_MODE
android.support.v4.content.pm.ActivityInfoCompat: ActivityInfoCompat()