proguard/mapping.txt
com.zyyknx.android.R -> com.zyyknx.android.a:
com.zyyknx.android.R$styleable -> com.zyyknx.android.b:
    int[] Blinds -> Blinds
    int Blinds_android_textColor -> Blinds_android_textColor
    int Blinds_blindsButtonText -> Blinds_blindsButtonText
    int Blinds_buttonBackground -> Blinds_buttonBackground
    int Blinds_currentValue -> Blinds_currentValue
    int Blinds_imgArrowDown -> Blinds_imgArrowDown
    int Blinds_imgArrowUp -> Blinds_imgArrowUp
    int Blinds_imgLightDown -> Blinds_imgLightDown
    int Blinds_imgLightUp -> Blinds_imgLightUp
    int Blinds_imgVolumeDown -> Blinds_imgVolumeDown
    int Blinds_imgVolumeUp -> Blinds_imgVolumeUp
    int Blinds_maxValue -> Blinds_maxValue
    int Blinds_minValue -> Blinds_minValue
    int[] GridLayout -> GridLayout
    int GridLayout_alignmentMode -> GridLayout_alignmentMode
    int GridLayout_columnCount -> GridLayout_columnCount
    int GridLayout_columnOrderPreserved -> GridLayout_columnOrderPreserved
    int GridLayout_orientation -> GridLayout_orientation
    int GridLayout_rowCount -> GridLayout_rowCount
    int GridLayout_rowOrderPreserved -> GridLayout_rowOrderPreserved
    int GridLayout_useDefaultMargins -> GridLayout_useDefaultMargins
    int[] GridLayout_Layout -> GridLayout_Layout
    int GridLayout_Layout_android_layout_height -> GridLayout_Layout_android_layout_height
    int GridLayout_Layout_android_layout_margin -> GridLayout_Layout_android_layout_margin
com.zyyknx.android.ZyyKNXApp -> com.zyyknx.android.ZyyKNXApp:
    com.zyyknx.android.ZyyKNXApp app -> a
    java.util.Stack activityStack -> b
    com.android.volley.RequestQueue mRequestQueue -> c
    com.android.volley.toolbox.ImageLoader mImageLoader -> d
    com.android.volley.toolbox.ImageLoader mRoundImageLoader -> e
    com.zyyknx.android.models.KNXApp mKNXApp -> f
    com.zyyknx.android.ZyyKNXApp getInstance() -> a
    void onCreate() -> onCreate
    void onLowMemory() -> onLowMemory
    void onConfigurationChanged(android.content.res.Configuration) -> onConfigurationChanged
    com.android.volley.RequestQueue getRequestQueue() -> b
    void pushActivity(android.app.Activity) -> a
    java.lang.String getFromAssets(java.lang.String) -> a
    com.zyyknx.android.models.KNXApp getAppConfig() -> c
    void setKNXAppConfig(com.zyyknx.android.models.KNXApp) -> a
com.zyyknx.android.activity.BaseActivity -> com.zyyknx.android.activity.BaseActivity:
    int currentTheme -> a
    boolean isLandscape -> b
    int lastConfigurationOrientation -> c
    void onCreate(android.os.Bundle) -> onCreate
    void onDestroy() -> onDestroy
    void startActivity(android.content.Intent) -> startActivity
    void startActivityForResult(android.content.Intent,int) -> startActivityForResult
    void finish() -> finish
    void onBackPressed() -> onBackPressed
    void onLowMemory() -> onLowMemory
    void onResume() -> onResume
    void onSaveInstanceState(android.os.Bundle) -> onSaveInstanceState
    void reload() -> a
    void displayToast(java.lang.CharSequence) -> a
    android.app.Dialog onCreateDialog(int,android.os.Bundle) -> onCreateDialog
com.zyyknx.android.activity.RoomDetailsActivity -> com.zyyknx.android.activity.RoomDetailsActivity:
    int screenWidth -> d
    int screenHeight -> e
    void onCreate(android.os.Bundle) -> onCreate
    void setGridLayoutAllSpace(android.support.v7.widget.GridLayout,int,int,int,int,boolean) -> a
    int getBarHeight() -> b
    void onLeftClick(int) -> a
com.zyyknx.android.activity.RoomDetailsActivity2 -> com.zyyknx.android.activity.RoomDetailsActivity2:
    void onCreate(android.os.Bundle) -> onCreate
    void test() -> b
    void onLeftClick(int) -> a
    void access$0(com.zyyknx.android.activity.RoomDetailsActivity2) -> a
...
com.nineoldandroids.animation.PreHoneycombCompat$1 -> com.nineoldandroids.a.k:
    void setValue(android.view.View,float) -> a
    java.lang.Float get(android.view.View) -> a
    void setValue(java.lang.Object,float) -> a
    java.lang.Object get(java.lang.Object) -> a
com.nineoldandroids.animation.PreHoneycombCompat$10 -> com.nineoldandroids.a.l:
    void setValue(android.view.View,float) -> a
    java.lang.Float get(android.view.View) -> a
    void setValue(java.lang.Object,float) -> a
    java.lang.Object get(java.lang.Object) -> a
com.nineoldandroids.animation.PreHoneycombCompat$11 -> com.nineoldandroids.a.m:
    java.lang.Integer get(android.view.View) -> a
    java.lang.Object get(java.lang.Object) -> a
com.nineoldandroids.animation.PreHoneycombCompat$12 -> com.nineoldandroids.a.n:
    java.lang.Integer get(android.view.View) -> a
    java.lang.Object get(java.lang.Object) -> a
com.nineoldandroids.animation.PreHoneycombCompat$13 -> com.nineoldandroids.a.o:
    void setValue(android.view.View,float) -> a
    java.lang.Float get(android.view.View) -> a
    void setValue(java.lang.Object,float) -> a
    java.lang.Object get(java.lang.Object) -> a
com.nineoldandroids.animation.PreHoneycombCompat$14 -> com.nineoldandroids.a.p:
    void setValue(android.view.View,float) -> a
    java.lang.Float get(android.view.View) -> a
    void setValue(java.lang.Object,float) -> a
    java.lang.Object get(java.lang.Object) -> a
com.nineoldandroids.animation.PreHoneycombCompat$2 -> com.nineoldandroids.a.q:
    void setValue(android.view.View,float) -> a
    java.lang.Float get(android.view.View) -> a
    void setValue(java.lang.Object,float) -> a
    java.lang.Object get(java.lang.Object) -> a
com.nineoldandroids.animation.PreHoneycombCompat$3 -> com.nineoldandroids.a.r:
    void setValue(android.view.View,float) -> a
    java.lang.Float get(android.view.View) -> a
    void setValue(java.lang.Object,float) -> a
    java.lang.Object get(java.lang.Object) -> a
com.nineoldandroids.animation.PreHoneycombCompat$4 -> com.nineoldandroids.a.s:
    void setValue(android.view.View,float) -> a
    java.lang.Float get(android.view.View) -> a
    void setValue(java.lang.Object,float) -> a
    java.lang.Object get(java.lang.Object) -> a
com.nineoldandroids.animation.PreHoneycombCompat$5 -> com.nineoldandroids.a.t:
    void setValue(android.view.View,float) -> a
    java.lang.Float get(android.view.View) -> a
    void setValue(java.lang.Object,float) -> a
    java.lang.Object get(java.lang.Object) -> a
com.nineoldandroids.animation.PreHoneycombCompat$6 -> com.nineoldandroids.a.u:
    void setValue(android.view.View,float) -> a
    java.lang.Float get(android.view.View) -> a
    void setValue(java.lang.Object,float) -> a
    java.lang.Object get(java.lang.Object) -> a
com.nineoldandroids.animation.PreHoneycombCompat$7 -> com.nineoldandroids.a.v:
    void setValue(android.view.View,float) -> a
    java.lang.Float get(android.view.View) -> a
    void setValue(java.lang.Object,float) -> a
    java.lang.Object get(java.lang.Object) -> a
com.nineoldandroids.animation.PreHoneycombCompat$8 -> com.nineoldandroids.a.w:
    void setValue(android.view.View,float) -> a
    java.lang.Float get(android.view.View) -> a
    void setValue(java.lang.Object,float) -> a
    java.lang.Object get(java.lang.Object) -> a
com.nineoldandroids.animation.PreHoneycombCompat$9 -> com.nineoldandroids.a.x:
    void setValue(android.view.View,float) -> a
    java.lang.Float get(android.view.View) -> a
    void setValue(java.lang.Object,float) -> a
    java.lang.Object get(java.lang.Object) -> a